# JRE version: OpenJDK Runtime Environment (15.0+36) (build 15+36-1562)
# Java VM: OpenJDK 64-Bit Server VM (15+36-1562, mixed mode, tiered, compressed oops, g1 gc, windows-amd64)
GC Precious Log:
 CPUs: 4 total, 4 available
 Memory: 4039M
 Large Page Support: Disabled
 NUMA Support: Disabled
 Compressed Oops: Enabled (32-bit)
 Heap Region Size: 1M
 Heap Min Capacity: 8M
 Heap Initial Capacity: 64M
 Heap Max Capacity: 1010M
 Pre-touch: Disabled
 Parallel Workers: 4
 Concurrent Workers: 1
 Concurrent Refinement Workers: 4
 Periodic GC: Disabled
Heap:
 garbage-first heap   total 116736K, used 38024K [0x00000000c0e00000, 0x0000000100000000)
  region size 1024K, 3 young (3072K), 2 survivors (2048K)
 Metaspace       used 89516K, capacity 90574K, committed 99484K, reserved 1138688K
  class space    used 9820K, capacity 10175K, committed 11008K, reserved 1048576K
GC Heap History (20 events):
Event: 14490.739 GC heap before
{Heap before GC invocations=534 (full 19):
 garbage-first heap   total 116736K, used 98529K [0x00000000c0e00000, 0x0000000100000000)
  region size 1024K, 59 young (60416K), 4 survivors (4096K)
 Metaspace       used 94612K, capacity 96030K, committed 99484K, reserved 1138688K
  class space    used 10188K, capacity 10664K, committed 11008K, reserved 1048576K
}
Event: 14490.749 GC heap after
{Heap after GC invocations=535 (full 19):
 garbage-first heap   total 116736K, used 42282K [0x00000000c0e00000, 0x0000000100000000)
  region size 1024K, 4 young (4096K), 4 survivors (4096K)
 Metaspace       used 94612K, capacity 96030K, committed 99484K, reserved 1138688K
  class space    used 10188K, capacity 10664K, committed 11008K, reserved 1048576K
}
Event: 14558.131 GC heap before
{Heap before GC invocations=536 (full 19):
 garbage-first heap   total 116736K, used 98602K [0x00000000c0e00000, 0x0000000100000000)
  region size 1024K, 59 young (60416K), 4 survivors (4096K)
 Metaspace       used 94612K, capacity 96030K, committed 99484K, reserved 1138688K
  class space    used 10188K, capacity 10664K, committed 11008K, reserved 1048576K
}
Event: 14558.150 GC heap after
{Heap after GC invocations=537 (full 19):
 garbage-first heap   total 116736K, used 42282K [0x00000000c0e00000, 0x0000000100000000)
  region size 1024K, 4 young (4096K), 4 survivors (4096K)
 Metaspace       used 94612K, capacity 96030K, committed 99484K, reserved 1138688K
  class space    used 10188K, capacity 10664K, committed 11008K, reserved 1048576K
}
Event: 14625.759 GC heap before
{Heap before GC invocations=537 (full 19):
 garbage-first heap   total 116736K, used 98602K [0x00000000c0e00000, 0x0000000100000000)
  region size 1024K, 59 young (60416K), 4 survivors (4096K)
 Metaspace       used 94612K, capacity 96030K, committed 99484K, reserved 1138688K
  class space    used 10188K, capacity 10664K, committed 11008K, reserved 1048576K
}
Event: 14625.775 GC heap after
{Heap after GC invocations=538 (full 19):
 garbage-first heap   total 116736K, used 42290K [0x00000000c0e00000, 0x0000000100000000)
  region size 1024K, 3 young (3072K), 3 survivors (3072K)
 Metaspace       used 94612K, capacity 96030K, committed 99484K, reserved 1138688K
  class space    used 10188K, capacity 10664K, committed 11008K, reserved 1048576K
}
Event: 14681.078 GC heap before
{Heap before GC invocations=539 (full 19):
 garbage-first heap   total 116736K, used 99634K [0x00000000c0e00000, 0x0000000100000000)
  region size 1024K, 59 young (60416K), 3 survivors (3072K)
 Metaspace       used 94428K, capacity 95803K, committed 99484K, reserved 1138688K
  class space    used 10156K, capacity 10604K, committed 11008K, reserved 1048576K
}
Event: 14681.082 GC heap after
{Heap after GC invocations=540 (full 19):
 garbage-first heap   total 116736K, used 42602K [0x00000000c0e00000, 0x0000000100000000)
  region size 1024K, 1 young (1024K), 1 survivors (1024K)
 Metaspace       used 94428K, capacity 95803K, committed 99484K, reserved 1138688K
  class space    used 10156K, capacity 10604K, committed 11008K, reserved 1048576K
}
Event: 14685.707 GC heap before
{Heap before GC invocations=540 (full 19):
 garbage-first heap   total 116736K, used 46698K [0x00000000c0e00000, 0x0000000100000000)
  region size 1024K, 5 young (5120K), 1 survivors (1024K)
 Metaspace       used 94428K, capacity 95803K, committed 99484K, reserved 1138688K
  class space    used 10156K, capacity 10604K, committed 11008K, reserved 1048576K
}
Event: 14685.728 GC heap after
{Heap after GC invocations=541 (full 19):
 garbage-first heap   total 116736K, used 36404K [0x00000000c0e00000, 0x0000000100000000)
  region size 1024K, 1 young (1024K), 1 survivors (1024K)
 Metaspace       used 94428K, capacity 95803K, committed 99484K, reserved 1138688K
  class space    used 10156K, capacity 10604K, committed 11008K, reserved 1048576K
}
Event: 14756.063 GC heap before
{Heap before GC invocations=541 (full 19):
 garbage-first heap   total 116736K, used 100916K [0x00000000c0e00000, 0x0000000100000000)
  region size 1024K, 65 young (66560K), 1 survivors (1024K)
 Metaspace       used 94441K, capacity 95806K, committed 99484K, reserved 1138688K
  class space    used 10156K, capacity 10605K, committed 11008K, reserved 1048576K
}
Event: 14756.068 GC heap after
{Heap after GC invocations=542 (full 19):
 garbage-first heap   total 116736K, used 37278K [0x00000000c0e00000, 0x0000000100000000)
  region size 1024K, 1 young (1024K), 1 survivors (1024K)
 Metaspace       used 94441K, capacity 95806K, committed 99484K, reserved 1138688K
  class space    used 10156K, capacity 10605K, committed 11008K, reserved 1048576K
}
Event: 14835.664 GC heap before
{Heap before GC invocations=542 (full 19):
 garbage-first heap   total 116736K, used 102814K [0x00000000c0e00000, 0x0000000100000000)
  region size 1024K, 65 young (66560K), 1 survivors (1024K)
 Metaspace       used 94441K, capacity 95806K, committed 99484K, reserved 1138688K
  class space    used 10156K, capacity 10605K, committed 11008K, reserved 1048576K
}
Event: 14835.667 GC heap after
{Heap after GC invocations=543 (full 19):
 garbage-first heap   total 116736K, used 37203K [0x00000000c0e00000, 0x0000000100000000)
  region size 1024K, 1 young (1024K), 1 survivors (1024K)
 Metaspace       used 94441K, capacity 95806K, committed 99484K, reserved 1138688K
  class space    used 10156K, capacity 10605K, committed 11008K, reserved 1048576K
}
Event: 14909.066 GC heap before
{Heap before GC invocations=543 (full 19):
 garbage-first heap   total 116736K, used 102739K [0x00000000c0e00000, 0x0000000100000000)
  region size 1024K, 65 young (66560K), 1 survivors (1024K)
 Metaspace       used 94481K, capacity 95806K, committed 99484K, reserved 1138688K
  class space    used 10157K, capacity 10605K, committed 11008K, reserved 1048576K
}
Event: 14909.070 GC heap after
{Heap after GC invocations=544 (full 19):
 garbage-first heap   total 116736K, used 37492K [0x00000000c0e00000, 0x0000000100000000)
  region size 1024K, 1 young (1024K), 1 survivors (1024K)
 Metaspace       used 94481K, capacity 95806K, committed 99484K, reserved 1138688K
  class space    used 10157K, capacity 10605K, committed 11008K, reserved 1048576K
}
Event: 17729.604 GC heap before
{Heap before GC invocations=545 (full 19):
 garbage-first heap   total 116736K, used 102004K [0x00000000c0e00000, 0x0000000100000000)
  region size 1024K, 64 young (65536K), 1 survivors (1024K)
 Metaspace       used 89498K, capacity 90574K, committed 99484K, reserved 1138688K
  class space    used 9820K, capacity 10175K, committed 11008K, reserved 1048576K
}
Event: 17729.607 GC heap after
{Heap after GC invocations=546 (full 19):
 garbage-first heap   total 116736K, used 37548K [0x00000000c0e00000, 0x0000000100000000)
  region size 1024K, 1 young (1024K), 1 survivors (1024K)
 Metaspace       used 89498K, capacity 90574K, committed 99484K, reserved 1138688K
  class space    used 9820K, capacity 10175K, committed 11008K, reserved 1048576K
}
Event: 17805.838 GC heap before
{Heap before GC invocations=546 (full 19):
 garbage-first heap   total 116736K, used 102060K [0x00000000c0e00000, 0x0000000100000000)
  region size 1024K, 64 young (65536K), 1 survivors (1024K)
 Metaspace       used 89516K, capacity 90574K, committed 99484K, reserved 1138688K
  class space    used 9820K, capacity 10175K, committed 11008K, reserved 1048576K
}
Event: 17805.841 GC heap after
{Heap after GC invocations=547 (full 19):
 garbage-first heap   total 116736K, used 38024K [0x00000000c0e00000, 0x0000000100000000)
  region size 1024K, 2 young (2048K), 2 survivors (2048K)
 Metaspace       used 89516K, capacity 90574K, committed 99484K, reserved 1138688K
  class space    used 9820K, capacity 10175K, committed 11008K, reserved 1048576K
}

